This is pdfTeX, Version 3.1415926-2.5-1.40.14 (MiKTeX 2.9) (preloaded format=pdflatex 2016.2.28)  28 APR 2016 07:27
entering extended mode
**seminar.tex
(C:\Users\TOHIBA\Desktop\Sini\seminar.tex
LaTeX2e <2011/06/27>
Babel <v3.8m> and hyphenation patterns for english, afrikaans, ancientgreek, ar
abic, armenian, assamese, basque, bengali, bokmal, bulgarian, catalan, coptic, 
croatian, czech, danish, dutch, esperanto, estonian, farsi, finnish, french, ga
lician, german, german-x-2013-05-26, greek, gujarati, hindi, hungarian, iceland
ic, indonesian, interlingua, irish, italian, kannada, kurmanji, latin, latvian,
 lithuanian, malayalam, marathi, mongolian, mongolianlmc, monogreek, ngerman, n
german-x-2013-05-26, nynorsk, oriya, panjabi, pinyin, polish, portuguese, roman
ian, russian, sanskrit, serbian, slovak, slovenian, spanish, swedish, swissgerm
an, tamil, telugu, turkish, turkmen, ukenglish, ukrainian, uppersorbian, usengl
ishmax, welsh, loaded.
(C:\Users\TOHIBA\Desktop\Sini\seminar.cls

LaTeX Warning: You have requested document class `seminar',
               but the document class provides `thesis'.

Document Class: thesis 2000/11/03

--------------------------------------------------------------
 +---+ Thesis Style (thesis.cls) version 1.09, November 2000
 +---+ for University of Colorado Ph.D. theses/dissertations.
 * Conforms to the University of Colorado at Boulder Graduate
 * School "SPECIFICATIONS for Preparation of Bachelor's Thesis
 * and Doctoral Dissertations" (rev. February 2000).
--------------------------------------------------------------
 URL: http://www.Colorado.EDU/ITS/docs/latex/ThesisClass

("C:\Program Files (x86)\MiKTeX 2.9\tex\latex\base\report.cls"
Document Class: report 2007/10/19 v1.4h Standard LaTeX document class
("C:\Program Files (x86)\MiKTeX 2.9\tex\latex\base\size12.clo"
File: size12.clo 2007/10/19 v1.4h Standard LaTeX file (size option)
)
\c@part=\count79
\c@chapter=\count80
\c@section=\count81
\c@subsection=\count82
\c@subsubsection=\count83
\c@paragraph=\count84
\c@subparagraph=\count85
\c@figure=\count86
\c@table=\count87
\abovecaptionskip=\skip41
\belowcaptionskip=\skip42
\bibindent=\dimen102
)
("C:\Program Files (x86)\MiKTeX 2.9\tex\latex\tools\indentfirst.sty"
Package: indentfirst 1995/11/23 v1.03 Indent first paragraph (DPC)
)
("C:\Program Files (x86)\MiKTeX 2.9\tex\latex\base\ifthen.sty"
Package: ifthen 2001/05/26 v1.1c Standard LaTeX ifthen package (DPC)
)
(C:\Users\TOHIBA\Desktop\Sini\ulem.sty
\UL@box=\box26
\UL@hyphenbox=\box27
\UL@skip=\skip43
\UL@hook=\toks14
\UL@height=\dimen103
\UL@pe=\count88
\UL@pixel=\dimen104
\ULC@box=\box28
Package: ulem 2011/03/18
\ULdepth=\dimen105
)
\c@th@SecNum=\count89
\c@th@SectionSave=\count90
\th@SubSubSecSpc=\skip44
\c@th@storepage=\count91


! LaTeX Error: Command \deg already defined.
               Or name \end... illegal, see p.192 of the manual.

See the LaTeX manual or LaTeX Companion for explanation.
Type  H <return>  for immediate help.
 ...                                              
                                                  
l.1310 ...mand*{\deg}[1]{\th@StoreIn{\th@deg}{#1}}
                                                  
Your command was ignored.
Type  I <command> <return>  to replace it with another command,
or  <return>  to continue without it.

) ("C:\Program Files (x86)\MiKTeX 2.9\tex\latex\graphics\graphics.sty"
Package: graphics 2009/02/05 v1.0o Standard LaTeX Graphics (DPC,SPQR)

("C:\Program Files (x86)\MiKTeX 2.9\tex\latex\graphics\trig.sty"
Package: trig 1999/03/16 v1.09 sin cos tan (DPC)
)
("C:\Program Files (x86)\MiKTeX 2.9\tex\latex\00miktex\graphics.cfg"
File: graphics.cfg 2007/01/18 v1.5 graphics configuration of teTeX/TeXLive
)
Package graphics Info: Driver file: pdftex.def on input line 91.

("C:\Program Files (x86)\MiKTeX 2.9\tex\latex\pdftex-def\pdftex.def"
File: pdftex.def 2011/05/27 v0.06d Graphics/color for pdfTeX

("C:\Program Files (x86)\MiKTeX 2.9\tex\generic\oberdiek\infwarerr.sty"
Package: infwarerr 2010/04/08 v1.3 Providing info/warning/error messages (HO)
)
("C:\Program Files (x86)\MiKTeX 2.9\tex\generic\oberdiek\ltxcmds.sty"
Package: ltxcmds 2011/11/09 v1.22 LaTeX kernel commands for general use (HO)
)
\Gread@gobject=\count92
))
("C:\Program Files (x86)\MiKTeX 2.9\tex\latex\graphics\graphicx.sty"
Package: graphicx 1999/02/16 v1.0f Enhanced LaTeX Graphics (DPC,SPQR)

("C:\Program Files (x86)\MiKTeX 2.9\tex\latex\graphics\keyval.sty"
Package: keyval 1999/03/16 v1.13 key=value parser (DPC)
\KV@toks@=\toks15
)
\Gin@req@height=\dimen106
\Gin@req@width=\dimen107
)
("C:\Program Files (x86)\MiKTeX 2.9\tex\latex\base\latexsym.sty"
Package: latexsym 1998/08/17 v2.2e Standard LaTeX package (lasy symbols)
\symlasy=\mathgroup4
LaTeX Font Info:    Overwriting symbol font `lasy' in version `bold'
(Font)                  U/lasy/m/n --> U/lasy/b/n on input line 47.
)
("C:\Program Files (x86)\MiKTeX 2.9\tex\latex\graphics\epsfig.sty"
Package: epsfig 1999/02/16 v1.7a (e)psfig emulation (SPQR)
\epsfxsize=\dimen108
\epsfysize=\dimen109
)
(C:\Users\TOHIBA\Desktop\Sini\rotating.sty
Package: rotating 1995/08/22 2.10 Rotation package
\r@tfl@t=\count93
\rot@float@box=\box29
)
(C:\Users\TOHIBA\Desktop\Sini\eufrak.sty
Package: eufrak 1997/05/15 v2.2d Euler Fraktur fonts
LaTeX Font Info:    Overwriting math alphabet `\EuFrak' in version `bold'
(Font)                  U/euf/m/n --> U/euf/b/n on input line 52.
)
! Too many }'s.
l.92 }
      
You've closed more groups than you opened.
Such booboos are generally harmless, so keep going.

Putting page number on short ToC
Putting page number on short LoF
Putting page number on short LoT
(C:\Users\TOHIBA\Desktop\Sini\seminar.aux)
LaTeX Font Info:    Checking defaults for OML/cmm/m/it on input line 133.
LaTeX Font Info:    ... okay on input line 133.
LaTeX Font Info:    Checking defaults for T1/cmr/m/n on input line 133.
LaTeX Font Info:    ... okay on input line 133.
LaTeX Font Info:    Checking defaults for OT1/cmr/m/n on input line 133.
LaTeX Font Info:    ... okay on input line 133.
LaTeX Font Info:    Checking defaults for OMS/cmsy/m/n on input line 133.
LaTeX Font Info:    ... okay on input line 133.
LaTeX Font Info:    Checking defaults for OMX/cmex/m/n on input line 133.
LaTeX Font Info:    ... okay on input line 133.
LaTeX Font Info:    Checking defaults for U/cmr/m/n on input line 133.
LaTeX Font Info:    ... okay on input line 133.

("C:\Program Files (x86)\MiKTeX 2.9\tex\context\base\supp-pdf.mkii"
[Loading MPS to PDF converter (version 2006.09.02).]
\scratchcounter=\count94
\scratchdimen=\dimen110
\scratchbox=\box30
\nofMPsegments=\count95
\nofMParguments=\count96
\everyMPshowfont=\toks16
\MPscratchCnt=\count97
\MPscratchDim=\dimen111
\MPnumerator=\count98
\makeMPintoPDFobject=\count99
\everyMPtoPDFconversion=\toks17
)
Making Title Page
LaTeX Font Info:    External font `cmex10' loaded for size
(Font)              <17.28> on input line 133.
LaTeX Font Info:    External font `cmex10' loaded for size
(Font)              <12> on input line 133.
LaTeX Font Info:    Try loading font information for U+lasy on input line 133.
("C:\Program Files (x86)\MiKTeX 2.9\tex\latex\base\ulasy.fd"
File: ulasy.fd 1998/08/17 v2.2e LaTeX symbol font definitions
)
LaTeX Font Info:    Try loading font information for U+euf on input line 133.

("C:\Program Files (x86)\MiKTeX 2.9\tex\latex\amsfonts\ueuf.fd"
File: ueuf.fd 2013/01/14 v3.01 Euler Fraktur
)

! LaTeX Error: There's no line here to end.

See the LaTeX manual or LaTeX Companion for explanation.
Type  H <return>  for immediate help.
 ...                                              
                                                  
l.133 \begin{document}
                      
Your command was ignored.
Type  I <command> <return>  to replace it with another command,
or  <return>  to continue without it.

! Illegal unit of measure (pt inserted).
<to be read again> 
                   \vskip 
l.133 \begin{document}
                      
Dimensions can be in units of em, ex, in, pt, pc,
cm, mm, dd, cc, nd, nc, bp, or sp; but yours is a new one!
I'll assume that you meant to say pt, for printer's points.
To recover gracefully from this error, it's best to
delete the erroneous units; e.g., type `2' to delete
two letters. (See Chapter 27 of The TeXbook.)

! Illegal unit of measure (pt inserted).
<to be read again> 
                   \vskip 
l.133 \begin{document}
                      
Dimensions can be in units of em, ex, in, pt, pc,
cm, mm, dd, cc, nd, nc, bp, or sp; but yours is a new one!
I'll assume that you meant to say pt, for printer's points.
To recover gracefully from this error, it's best to
delete the erroneous units; e.g., type `2' to delete
two letters. (See Chapter 27 of The TeXbook.)

<figures/meslogo.png, id=1, 138.5175pt x 163.61125pt>
File: figures/meslogo.png Graphic file (type png)

<use figures/meslogo.png>
Package pdftex.def Info: figures/meslogo.png used on input line 133.
(pdftex.def)             Requested size: 87.26648pt x 103.07562pt.

! Undefined control sequence.
<argument> \@thesistitlebigskip 
                                
l.133 \begin{document}
                      
The control sequence at the end of the top line
of your error message was never \def'ed. If you have
misspelled it (e.g., `\hobx'), type `I' and the correct
spelling (e.g., `I\hbox'). Otherwise just continue,
and I'll forget about whatever was undefined.

! Missing number, treated as zero.
<to be read again> 
                   \ignorespaces 
l.133 \begin{document}
                      
A number should have been here; I inserted `0'.
(If you can't figure out why I needed to see a number,
look up `weird error' in the index to The TeXbook.)

! Illegal unit of measure (pt inserted).
<to be read again> 
                   \ignorespaces 
l.133 \begin{document}
                      
Dimensions can be in units of em, ex, in, pt, pc,
cm, mm, dd, cc, nd, nc, bp, or sp; but yours is a new one!
I'll assume that you meant to say pt, for printer's points.
To recover gracefully from this error, it's best to
delete the erroneous units; e.g., type `2' to delete
two letters. (See Chapter 27 of The TeXbook.)

Making Approval Page
[1


{C:/Users/TOHIBA/AppData/Local/MiKTeX/2.9/pdftex/config/pdftex.map} <C:/Users/T
OHIBA/Desktop/Sini/figures/meslogo.png>]
Overfull \hbox (7.62512pt too wide) in paragraph at lines 133--133
 [] 
 []

Making Abstract Page

Overfull \hbox (67.14171pt too wide) in paragraph at lines 133--133
[] []
 []

[2

]
centered
Making Dedication Page
Making Acknowledgement Page

Overfull \vbox (7.96431pt too high) has occurred while \output is active []


[3


]
centered
Making Abstract Page
Making ToC Page
Making Short ToC...

Overfull \vbox (7.96431pt too high) has occurred while \output is active []


[4


]
centered
Short Chapter (page numbered)
(C:\Users\TOHIBA\Desktop\Sini\seminar.toc
LaTeX Font Info:    External font `cmex10' loaded for size
(Font)              <8> on input line 3.
LaTeX Font Info:    External font `cmex10' loaded for size
(Font)              <6> on input line 3.
)
\tf@toc=\write3

Making LoT Page
! Undefined control sequence.
\th@MakeThesisPrologue ...g LoT Page} \th@LoTpage 
                                                  \typeout {Making LoF Page}...
l.133 \begin{document}
                      
The control sequence at the end of the top line
of your error message was never \def'ed. If you have
misspelled it (e.g., `\hobx'), type `I' and the correct
spelling (e.g., `I\hbox'). Otherwise just continue,
and I'll forget about whatever was undefined.

Making LoF Page
Making Short LoF...

Overfull \vbox (5.16667pt too high) has occurred while \output is active []


[5

]
centered
Short Chapter (page numbered)
(C:\Users\TOHIBA\Desktop\Sini\seminar.lof)
\tf@lof=\write4



-------------------Beginning Body----------------------



Overfull \vbox (7.96431pt too high) has occurred while \output is active []


[6

] (C:\Users\TOHIBA\Desktop\Sini\macros.tex
\c@th@theorem=\count100
)
(C:\Users\TOHIBA\Desktop\Sini\ch1.tex
 \th@ChapterStyle\th@DoChapCenterChapter \th@ChapterStyle 1.
centered

LaTeX Warning: Citation `SP01' on page 1 undefined on input line 19.

[1


] <illus2.png, id=31, 665.48625pt x 396.48125pt>
File: illus2.png Graphic file (type png)
 <use illus2.png>
Package pdftex.def Info: illus2.png used on input line 33.
(pdftex.def)             Requested size: 665.48462pt x 396.48027pt.

Overfull \hbox (46.67097pt too wide) in paragraph at lines 33--34
 [] 
 []


Overfull \hbox (24.92545pt too wide) in paragraph at lines 45--68
 [][] 
 []


Overfull \vbox (7.73332pt too high) has occurred while \output is active []


[2]
Overfull \vbox (7.73332pt too high) has occurred while \output is active []


[3 <C:/Users/TOHIBA/Desktop/Sini/illus2.png>]

LaTeX Warning: Reference `m' on page 4 undefined on input line 92.


LaTeX Warning: Reference `pre' on page 4 undefined on input line 105.


LaTeX Warning: Reference `rdf' on page 4 undefined on input line 106.


LaTeX Warning: Reference `desig' on page 4 undefined on input line 106.

) (C:\Users\TOHIBA\Desktop\Sini\ch8.tex
Overfull \vbox (7.73332pt too high) has occurred while \output is active []


[4]
 \th@ChapterStyle\th@DoChapCenterChapter \th@ChapterStyle 2.
centered
[5

]) (C:\Users\TOHIBA\Desktop\Sini\seminar.bbl
Overfull \vbox (7.73332pt too high) has occurred while \output is active []


[6]
centered
Missing character: There is no Ã in font cmr12!
Missing character: There is no ¶ in font cmr12!

Underfull \hbox (badness 2302) in paragraph at lines 28--31
[]\OT1/cmr/m/n/12 O. Ben-Kiki, C. Evans, and I. dt Net, ``YAML ain[]t markup la
n-
 []


Underfull \hbox (badness 1286) in paragraph at lines 28--31
\OT1/cmr/m/n/12 guage (YAML) ver-sion 1.2, 3rd edi-tion,'' Jan-uary 2010, Avail
-able at
 []

! You can't use `macro parameter character #' in horizontal mode.
l.40 ...ailable} at http://www.w3.org/TR/REC-xml/#
                                                  AVNormalize.
Sorry, but I'm not programmed to handle this case;
I'll just pretend that you didn't ask for it.
If you're in the wrong mode, you might be able to
return to the right one by typing `I}' or `I$' or `I\par'.


Underfull \hbox (badness 3302) in paragraph at lines 43--46
[]\OT1/cmr/m/n/12 G. White, J. Kan-gasharju, D. Brutz-man, and S. Williams, ``E
f-fi-
 []


Underfull \hbox (badness 1728) in paragraph at lines 43--46
\OT1/cmr/m/n/12 cient XML in-ter-change mea-sure-ments note,'' July 2007, Avail
-able at
 []


Underfull \hbox (badness 1178) in paragraph at lines 62--66
[]\OT1/cmr/m/n/12 Y. Zheng, ``Dig-i-tal sign-cryp-tion or how to achieve cost (
sig-na-ture &
 []


Underfull \hbox (badness 1360) in paragraph at lines 62--66
\OT1/cmr/m/n/12 en-cryp-tion) $\OML/cmm/m/it/12 <<$ \OT1/cmr/m/n/12 cost(signat
ure) $+$ cost(encryption),'' |   []   |   []   |   []
 []


Underfull \hbox (badness 2197) in paragraph at lines 62--66
|   []   |   []\OT1/cmr/m/n/12 , vol. 1294, pp. 165--179, 1997, Avail-able at c
ite-
 []


Underfull \hbox (badness 1430) in paragraph at lines 68--71
[]\OT1/cmr/m/n/12 Johnson and Menezes, ``The el-lip-tic curve dig-i-tal sig-na-
ture al-go-rithm
 []

[7

])
Overfull \vbox (7.73332pt too high) has occurred while \output is active []


[8] (C:\Users\TOHIBA\Desktop\Sini\seminar.aux)

LaTeX Warning: There were undefined references.

 )
(\end occurred when \iffalse on line 374 was incomplete) 
Here is how much of TeX's memory you used:
 1783 strings out of 493921
 24046 string characters out of 3144873
 82824 words of memory out of 3000000
 5058 multiletter control sequences out of 15000+200000
 13197 words of font info for 49 fonts, out of 3000000 for 9000
 841 hyphenation exceptions out of 8191
 27i,7n,28p,1276b,314s stack positions out of 5000i,500n,10000p,200000b,50000s
<C:/Program Files (x86)
/MiKTeX 2.9/fonts/type1/public/amsfonts/cm/cmbx10.pfb><C:/Program Files (x86)/M
iKTeX 2.9/fonts/type1/public/amsfonts/cm/cmbx12.pfb><C:/Program Files (x86)/MiK
TeX 2.9/fonts/type1/public/amsfonts/cm/cmbxti10.pfb><C:/Program Files (x86)/MiK
TeX 2.9/fonts/type1/public/amsfonts/cm/cmex10.pfb><C:/Program Files (x86)/MiKTe
X 2.9/fonts/type1/public/amsfonts/cm/cmmi12.pfb><C:/Program Files (x86)/MiKTeX 
2.9/fonts/type1/public/amsfonts/cm/cmr12.pfb><C:/Program Files (x86)/MiKTeX 2.9
/fonts/type1/public/amsfonts/cm/cmr8.pfb><C:/Program Files (x86)/MiKTeX 2.9/fon
ts/type1/public/amsfonts/cm/cmsy8.pfb><C:/Program Files (x86)/MiKTeX 2.9/fonts/
type1/public/amsfonts/cm/cmti12.pfb><C:/Program Files (x86)/MiKTeX 2.9/fonts/ty
pe1/public/amsfonts/euler/eufm10.pfb>
Output written on seminar.pdf (14 pages, 208956 bytes).
PDF statistics:
 90 PDF objects out of 1000 (max. 8388607)
 0 named destinations out of 1000 (max. 500000)
 11 words of extra memory for PDF output out of 10000 (max. 10000000)

